2012-05-27 05:01:47 Warning: Warning (2): mysql_connect() [<a href='http://php.net/function.mysql-connect'>function.mysql-connect</a>]: Can't connect to local MySQL server through socket '/tmp/mysql.sock' (46) in [/clients/sjm/website/admin/cake/libs/model/datasources/dbo/dbo_mysql.php, line 561]
2012-05-27 05:01:47 Warning: Warning (2): mysql_select_db() expects parameter 2 to be resource, boolean given in [/clients/sjm/website/admin/cake/libs/model/datasources/dbo/dbo_mysql.php, line 567]
2012-05-27 05:01:47 Warning: Warning (2): mysql_get_server_info() expects parameter 1 to be resource, boolean given in [/clients/sjm/website/admin/cake/libs/model/datasources/dbo/dbo_mysql.php, line 575]
2012-05-27 05:01:47 Warning: Warning (2): mysql_query() expects parameter 2 to be resource, boolean given in [/clients/sjm/website/admin/cake/libs/model/datasources/dbo/dbo_mysql.php, line 609]
2012-05-27 05:01:47 Warning: Warning (2): Cannot modify header information - headers already sent by (output started at /clients/sjm/website/admin/cake/libs/debugger.php:673) in [/clients/sjm/website/admin/cake/libs/controller/controller.php, line 742]
2012-05-27 05:03:21 Warning: Warning (2): mysql_connect() [<a href='http://php.net/function.mysql-connect'>function.mysql-connect</a>]: Can't connect to local MySQL server through socket '/tmp/mysql.sock' (46) in [/clients/sjm/website/admin/cake/libs/model/datasources/dbo/dbo_mysql.php, line 561]
2012-05-27 05:03:21 Warning: Warning (2): mysql_select_db() expects parameter 2 to be resource, boolean given in [/clients/sjm/website/admin/cake/libs/model/datasources/dbo/dbo_mysql.php, line 567]
2012-05-27 05:03:22 Warning: Warning (2): mysql_get_server_info() expects parameter 1 to be resource, boolean given in [/clients/sjm/website/admin/cake/libs/model/datasources/dbo/dbo_mysql.php, line 575]
2012-05-27 05:03:22 Warning: Warning (2): mysql_query() expects parameter 2 to be resource, boolean given in [/clients/sjm/website/admin/cake/libs/model/datasources/dbo/dbo_mysql.php, line 609]
2012-05-27 05:03:22 Warning: Warning (2): Cannot modify header information - headers already sent by (output started at /clients/sjm/website/admin/cake/libs/debugger.php:673) in [/clients/sjm/website/admin/cake/libs/controller/controller.php, line 742]
2012-05-27 05:07:25 Warning: Warning (2): mysql_connect() [<a href='http://php.net/function.mysql-connect'>function.mysql-connect</a>]: Can't connect to local MySQL server through socket '/tmp/mysql.sock' (46) in [/clients/sjm/website/admin/cake/libs/model/datasources/dbo/dbo_mysql.php, line 561]
2012-05-27 05:07:25 Warning: Warning (2): mysql_select_db() expects parameter 2 to be resource, boolean given in [/clients/sjm/website/admin/cake/libs/model/datasources/dbo/dbo_mysql.php, line 567]
2012-05-27 05:07:25 Warning: Warning (2): mysql_get_server_info() expects parameter 1 to be resource, boolean given in [/clients/sjm/website/admin/cake/libs/model/datasources/dbo/dbo_mysql.php, line 575]
2012-05-27 05:07:25 Warning: Warning (2): mysql_query() expects parameter 2 to be resource, boolean given in [/clients/sjm/website/admin/cake/libs/model/datasources/dbo/dbo_mysql.php, line 609]
2012-05-27 05:07:25 Warning: Warning (2): Cannot modify header information - headers already sent by (output started at /clients/sjm/website/admin/cake/libs/debugger.php:673) in [/clients/sjm/website/admin/cake/libs/controller/controller.php, line 742]
2012-05-27 05:07:33 Warning: Warning (2): mysql_connect() [<a href='http://php.net/function.mysql-connect'>function.mysql-connect</a>]: Can't connect to local MySQL server through socket '/tmp/mysql.sock' (46) in [/clients/sjm/website/admin/cake/libs/model/datasources/dbo/dbo_mysql.php, line 561]
2012-05-27 05:07:33 Warning: Warning (2): mysql_select_db() expects parameter 2 to be resource, boolean given in [/clients/sjm/website/admin/cake/libs/model/datasources/dbo/dbo_mysql.php, line 567]
2012-05-27 05:07:33 Warning: Warning (2): mysql_get_server_info() expects parameter 1 to be resource, boolean given in [/clients/sjm/website/admin/cake/libs/model/datasources/dbo/dbo_mysql.php, line 575]
2012-05-27 05:07:33 Warning: Warning (2): mysql_query() expects parameter 2 to be resource, boolean given in [/clients/sjm/website/admin/cake/libs/model/datasources/dbo/dbo_mysql.php, line 609]
2012-05-27 05:07:33 Warning: Warning (2): Cannot modify header information - headers already sent by (output started at /clients/sjm/website/admin/cake/libs/debugger.php:673) in [/clients/sjm/website/admin/cake/libs/controller/controller.php, line 742]
2012-05-27 05:29:31 Warning: Warning (2): mysql_connect() [<a href='http://php.net/function.mysql-connect'>function.mysql-connect</a>]: Can't connect to local MySQL server through socket '/tmp/mysql.sock' (46) in [/clients/sjm/website/admin/cake/libs/model/datasources/dbo/dbo_mysql.php, line 561]
2012-05-27 05:29:31 Warning: Warning (2): mysql_select_db() expects parameter 2 to be resource, boolean given in [/clients/sjm/website/admin/cake/libs/model/datasources/dbo/dbo_mysql.php, line 567]
2012-05-27 05:29:31 Warning: Warning (2): mysql_get_server_info() expects parameter 1 to be resource, boolean given in [/clients/sjm/website/admin/cake/libs/model/datasources/dbo/dbo_mysql.php, line 575]
2012-05-27 05:29:31 Warning: Warning (2): mysql_query() expects parameter 2 to be resource, boolean given in [/clients/sjm/website/admin/cake/libs/model/datasources/dbo/dbo_mysql.php, line 609]
2012-05-27 05:29:31 Warning: Warning (2): Cannot modify header information - headers already sent by (output started at /clients/sjm/website/admin/cake/libs/debugger.php:673) in [/clients/sjm/website/admin/cake/libs/controller/controller.php, line 742]
2012-05-27 05:49:23 Warning: Warning (2): mysql_connect() [<a href='http://php.net/function.mysql-connect'>function.mysql-connect</a>]: Can't connect to local MySQL server through socket '/tmp/mysql.sock' (46) in [/clients/sjm/website/admin/cake/libs/model/datasources/dbo/dbo_mysql.php, line 561]
2012-05-27 05:49:23 Warning: Warning (2): mysql_select_db() expects parameter 2 to be resource, boolean given in [/clients/sjm/website/admin/cake/libs/model/datasources/dbo/dbo_mysql.php, line 567]
2012-05-27 05:49:23 Warning: Warning (2): mysql_get_server_info() expects parameter 1 to be resource, boolean given in [/clients/sjm/website/admin/cake/libs/model/datasources/dbo/dbo_mysql.php, line 575]
2012-05-27 05:49:23 Warning: Warning (2): mysql_query() expects parameter 2 to be resource, boolean given in [/clients/sjm/website/admin/cake/libs/model/datasources/dbo/dbo_mysql.php, line 609]
2012-05-27 05:49:23 Warning: Warning (2): Cannot modify header information - headers already sent by (output started at /clients/sjm/website/admin/cake/libs/debugger.php:673) in [/clients/sjm/website/admin/cake/libs/controller/controller.php, line 742]
2012-05-27 09:55:31 Warning: Warning (2): mysql_connect() [<a href='http://php.net/function.mysql-connect'>function.mysql-connect</a>]: Can't connect to local MySQL server through socket '/tmp/mysql.sock' (46) in [/clients/sjm/website/admin/cake/libs/model/datasources/dbo/dbo_mysql.php, line 561]
2012-05-27 09:55:31 Warning: Warning (2): mysql_select_db() expects parameter 2 to be resource, boolean given in [/clients/sjm/website/admin/cake/libs/model/datasources/dbo/dbo_mysql.php, line 567]
2012-05-27 09:55:31 Warning: Warning (2): mysql_get_server_info() expects parameter 1 to be resource, boolean given in [/clients/sjm/website/admin/cake/libs/model/datasources/dbo/dbo_mysql.php, line 575]
2012-05-27 09:55:31 Warning: Warning (2): mysql_query() expects parameter 2 to be resource, boolean given in [/clients/sjm/website/admin/cake/libs/model/datasources/dbo/dbo_mysql.php, line 609]
2012-05-27 09:55:31 Warning: Warning (2): Cannot modify header information - headers already sent by (output started at /clients/sjm/website/admin/cake/libs/debugger.php:673) in [/clients/sjm/website/admin/cake/libs/controller/controller.php, line 742]
2012-05-28 09:59:42 Warning: Warning (2): mysql_connect() [<a href='http://php.net/function.mysql-connect'>function.mysql-connect</a>]: Can't connect to local MySQL server through socket '/tmp/mysql.sock' (46) in [/clients/sjm/website/admin/cake/libs/model/datasources/dbo/dbo_mysql.php, line 561]
2012-05-28 09:59:42 Warning: Warning (2): mysql_select_db() expects parameter 2 to be resource, boolean given in [/clients/sjm/website/admin/cake/libs/model/datasources/dbo/dbo_mysql.php, line 567]
2012-05-28 09:59:42 Warning: Warning (2): mysql_get_server_info() expects parameter 1 to be resource, boolean given in [/clients/sjm/website/admin/cake/libs/model/datasources/dbo/dbo_mysql.php, line 575]
2012-05-28 09:59:42 Warning: Warning (2): mysql_query() expects parameter 2 to be resource, boolean given in [/clients/sjm/website/admin/cake/libs/model/datasources/dbo/dbo_mysql.php, line 609]
2012-05-28 09:59:42 Warning: Warning (2): Cannot modify header information - headers already sent by (output started at /clients/sjm/website/admin/cake/libs/debugger.php:673) in [/clients/sjm/website/admin/cake/libs/controller/controller.php, line 742]
2012-05-28 10:03:45 Warning: Warning (2): mysql_connect() [<a href='http://php.net/function.mysql-connect'>function.mysql-connect</a>]: Can't connect to local MySQL server through socket '/tmp/mysql.sock' (46) in [/clients/sjm/website/admin/cake/libs/model/datasources/dbo/dbo_mysql.php, line 561]
2012-05-28 10:03:45 Warning: Warning (2): mysql_select_db() expects parameter 2 to be resource, boolean given in [/clients/sjm/website/admin/cake/libs/model/datasources/dbo/dbo_mysql.php, line 567]
2012-05-28 10:03:45 Warning: Warning (2): mysql_get_server_info() expects parameter 1 to be resource, boolean given in [/clients/sjm/website/admin/cake/libs/model/datasources/dbo/dbo_mysql.php, line 575]
2012-05-28 10:03:45 Warning: Warning (2): mysql_query() expects parameter 2 to be resource, boolean given in [/clients/sjm/website/admin/cake/libs/model/datasources/dbo/dbo_mysql.php, line 609]
2012-05-28 10:03:45 Warning: Warning (2): Cannot modify header information - headers already sent by (output started at /clients/sjm/website/admin/cake/libs/debugger.php:673) in [/clients/sjm/website/admin/cake/libs/controller/controller.php, line 742]
2012-05-29 02:26:54 Warning: Warning (2): mysql_connect() [<a href='http://php.net/function.mysql-connect'>function.mysql-connect</a>]: Can't connect to local MySQL server through socket '/tmp/mysql.sock' (46) in [/clients/sjm/website/admin/cake/libs/model/datasources/dbo/dbo_mysql.php, line 561]
2012-05-29 02:26:54 Warning: Warning (2): mysql_select_db() expects parameter 2 to be resource, boolean given in [/clients/sjm/website/admin/cake/libs/model/datasources/dbo/dbo_mysql.php, line 567]
2012-05-29 02:26:54 Warning: Warning (2): mysql_get_server_info() expects parameter 1 to be resource, boolean given in [/clients/sjm/website/admin/cake/libs/model/datasources/dbo/dbo_mysql.php, line 575]
2012-05-29 02:26:54 Warning: Warning (2): mysql_query() expects parameter 2 to be resource, boolean given in [/clients/sjm/website/admin/cake/libs/model/datasources/dbo/dbo_mysql.php, line 609]
2012-05-29 02:26:54 Warning: Warning (2): Cannot modify header information - headers already sent by (output started at /clients/sjm/website/admin/cake/libs/debugger.php:673) in [/clients/sjm/website/admin/cake/libs/controller/controller.php, line 742]
2012-05-29 11:28:18 Warning: Warning (2): mysql_connect() [<a href='http://php.net/function.mysql-connect'>function.mysql-connect</a>]: Can't connect to local MySQL server through socket '/tmp/mysql.sock' (46) in [/clients/sjm/website/admin/cake/libs/model/datasources/dbo/dbo_mysql.php, line 561]
2012-05-29 11:28:18 Warning: Warning (2): mysql_select_db() expects parameter 2 to be resource, boolean given in [/clients/sjm/website/admin/cake/libs/model/datasources/dbo/dbo_mysql.php, line 567]
2012-05-29 11:28:18 Warning: Warning (2): mysql_get_server_info() expects parameter 1 to be resource, boolean given in [/clients/sjm/website/admin/cake/libs/model/datasources/dbo/dbo_mysql.php, line 575]
2012-05-29 11:28:18 Warning: Warning (2): mysql_query() expects parameter 2 to be resource, boolean given in [/clients/sjm/website/admin/cake/libs/model/datasources/dbo/dbo_mysql.php, line 609]
2012-05-29 11:28:18 Warning: Warning (2): Cannot modify header information - headers already sent by (output started at /clients/sjm/website/admin/cake/libs/debugger.php:673) in [/clients/sjm/website/admin/cake/libs/controller/controller.php, line 742]
2012-05-29 22:28:24 Warning: Warning (2): mysql_connect() [<a href='http://php.net/function.mysql-connect'>function.mysql-connect</a>]: Can't connect to local MySQL server through socket '/tmp/mysql.sock' (46) in [/clients/sjm/website/admin/cake/libs/model/datasources/dbo/dbo_mysql.php, line 561]
2012-05-29 22:28:24 Warning: Warning (2): mysql_select_db() expects parameter 2 to be resource, boolean given in [/clients/sjm/website/admin/cake/libs/model/datasources/dbo/dbo_mysql.php, line 567]
2012-05-29 22:28:24 Warning: Warning (2): mysql_get_server_info() expects parameter 1 to be resource, boolean given in [/clients/sjm/website/admin/cake/libs/model/datasources/dbo/dbo_mysql.php, line 575]
2012-05-29 22:28:24 Warning: Warning (2): mysql_query() expects parameter 2 to be resource, boolean given in [/clients/sjm/website/admin/cake/libs/model/datasources/dbo/dbo_mysql.php, line 609]
2012-05-29 22:28:24 Warning: Warning (2): Cannot modify header information - headers already sent by (output started at /clients/sjm/website/admin/cake/libs/debugger.php:673) in [/clients/sjm/website/admin/cake/libs/controller/controller.php, line 742]
2012-05-29 22:28:30 Warning: Warning (2): mysql_connect() [<a href='http://php.net/function.mysql-connect'>function.mysql-connect</a>]: Can't connect to local MySQL server through socket '/tmp/mysql.sock' (46) in [/clients/sjm/website/admin/cake/libs/model/datasources/dbo/dbo_mysql.php, line 561]
2012-05-29 22:28:30 Warning: Warning (2): mysql_select_db() expects parameter 2 to be resource, boolean given in [/clients/sjm/website/admin/cake/libs/model/datasources/dbo/dbo_mysql.php, line 567]
2012-05-29 22:28:30 Warning: Warning (2): mysql_get_server_info() expects parameter 1 to be resource, boolean given in [/clients/sjm/website/admin/cake/libs/model/datasources/dbo/dbo_mysql.php, line 575]
2012-05-29 22:28:30 Warning: Warning (2): mysql_query() expects parameter 2 to be resource, boolean given in [/clients/sjm/website/admin/cake/libs/model/datasources/dbo/dbo_mysql.php, line 609]
2012-05-29 22:28:30 Warning: Warning (2): Cannot modify header information - headers already sent by (output started at /clients/sjm/website/admin/cake/libs/debugger.php:673) in [/clients/sjm/website/admin/cake/libs/controller/controller.php, line 742]
2012-05-29 22:28:56 Warning: Warning (2): mysql_connect() [<a href='http://php.net/function.mysql-connect'>function.mysql-connect</a>]: Can't connect to local MySQL server through socket '/tmp/mysql.sock' (46) in [/clients/sjm/website/admin/cake/libs/model/datasources/dbo/dbo_mysql.php, line 561]
2012-05-29 22:28:56 Warning: Warning (2): mysql_select_db() expects parameter 2 to be resource, boolean given in [/clients/sjm/website/admin/cake/libs/model/datasources/dbo/dbo_mysql.php, line 567]
2012-05-29 22:28:56 Warning: Warning (2): mysql_get_server_info() expects parameter 1 to be resource, boolean given in [/clients/sjm/website/admin/cake/libs/model/datasources/dbo/dbo_mysql.php, line 575]
2012-05-29 22:28:56 Warning: Warning (2): mysql_query() expects parameter 2 to be resource, boolean given in [/clients/sjm/website/admin/cake/libs/model/datasources/dbo/dbo_mysql.php, line 609]
2012-05-29 22:28:56 Warning: Warning (2): Cannot modify header information - headers already sent by (output started at /clients/sjm/website/admin/cake/libs/debugger.php:673) in [/clients/sjm/website/admin/cake/libs/controller/controller.php, line 742]
2012-05-29 23:01:13 Warning: Warning (2): mysql_connect() [<a href='http://php.net/function.mysql-connect'>function.mysql-connect</a>]: Can't connect to local MySQL server through socket '/tmp/mysql.sock' (46) in [/clients/sjm/website/admin/cake/libs/model/datasources/dbo/dbo_mysql.php, line 561]
2012-05-29 23:01:13 Warning: Warning (2): mysql_select_db() expects parameter 2 to be resource, boolean given in [/clients/sjm/website/admin/cake/libs/model/datasources/dbo/dbo_mysql.php, line 567]
2012-05-29 23:01:14 Warning: Warning (2): mysql_get_server_info() expects parameter 1 to be resource, boolean given in [/clients/sjm/website/admin/cake/libs/model/datasources/dbo/dbo_mysql.php, line 575]
2012-05-29 23:01:14 Warning: Warning (2): mysql_query() expects parameter 2 to be resource, boolean given in [/clients/sjm/website/admin/cake/libs/model/datasources/dbo/dbo_mysql.php, line 609]
2012-05-29 23:01:14 Warning: Warning (2): Cannot modify header information - headers already sent by (output started at /clients/sjm/website/admin/cake/libs/debugger.php:673) in [/clients/sjm/website/admin/cake/libs/controller/controller.php, line 742]
2012-05-30 00:52:50 Warning: Warning (2): mysql_connect() [<a href='http://php.net/function.mysql-connect'>function.mysql-connect</a>]: Can't connect to local MySQL server through socket '/tmp/mysql.sock' (46) in [/clients/sjm/website/admin/cake/libs/model/datasources/dbo/dbo_mysql.php, line 561]
2012-05-30 00:52:50 Warning: Warning (2): mysql_select_db() expects parameter 2 to be resource, boolean given in [/clients/sjm/website/admin/cake/libs/model/datasources/dbo/dbo_mysql.php, line 567]
2012-05-30 00:52:50 Warning: Warning (2): mysql_get_server_info() expects parameter 1 to be resource, boolean given in [/clients/sjm/website/admin/cake/libs/model/datasources/dbo/dbo_mysql.php, line 575]
2012-05-30 00:52:50 Warning: Warning (2): mysql_query() expects parameter 2 to be resource, boolean given in [/clients/sjm/website/admin/cake/libs/model/datasources/dbo/dbo_mysql.php, line 609]
2012-05-30 00:52:50 Warning: Warning (2): Cannot modify header information - headers already sent by (output started at /clients/sjm/website/admin/cake/libs/debugger.php:673) in [/clients/sjm/website/admin/cake/libs/controller/controller.php, line 742]
2012-05-30 21:19:48 Warning: Warning (2): mysql_connect() [<a href='http://php.net/function.mysql-connect'>function.mysql-connect</a>]: Can't connect to local MySQL server through socket '/tmp/mysql.sock' (46) in [/clients/sjm/website/admin/cake/libs/model/datasources/dbo/dbo_mysql.php, line 561]
2012-05-30 21:19:48 Warning: Warning (2): mysql_select_db() expects parameter 2 to be resource, boolean given in [/clients/sjm/website/admin/cake/libs/model/datasources/dbo/dbo_mysql.php, line 567]
2012-05-30 21:19:48 Warning: Warning (2): mysql_get_server_info() expects parameter 1 to be resource, boolean given in [/clients/sjm/website/admin/cake/libs/model/datasources/dbo/dbo_mysql.php, line 575]
2012-05-30 21:19:48 Warning: Warning (2): mysql_query() expects parameter 2 to be resource, boolean given in [/clients/sjm/website/admin/cake/libs/model/datasources/dbo/dbo_mysql.php, line 609]
2012-05-30 21:19:48 Warning: Warning (2): Cannot modify header information - headers already sent by (output started at /clients/sjm/website/admin/cake/libs/debugger.php:673) in [/clients/sjm/website/admin/cake/libs/controller/controller.php, line 742]
2012-05-31 09:31:27 Warning: Warning (2): mysql_connect() [<a href='http://php.net/function.mysql-connect'>function.mysql-connect</a>]: Can't connect to local MySQL server through socket '/tmp/mysql.sock' (46) in [/clients/sjm/website/admin/cake/libs/model/datasources/dbo/dbo_mysql.php, line 561]
2012-05-31 09:31:27 Warning: Warning (2): mysql_select_db() expects parameter 2 to be resource, boolean given in [/clients/sjm/website/admin/cake/libs/model/datasources/dbo/dbo_mysql.php, line 567]
2012-05-31 09:31:27 Warning: Warning (2): mysql_get_server_info() expects parameter 1 to be resource, boolean given in [/clients/sjm/website/admin/cake/libs/model/datasources/dbo/dbo_mysql.php, line 575]
2012-05-31 09:31:27 Warning: Warning (2): mysql_query() expects parameter 2 to be resource, boolean given in [/clients/sjm/website/admin/cake/libs/model/datasources/dbo/dbo_mysql.php, line 609]
2012-05-31 09:31:27 Warning: Warning (2): Cannot modify header information - headers already sent by (output started at /clients/sjm/website/admin/cake/libs/debugger.php:673) in [/clients/sjm/website/admin/cake/libs/controller/controller.php, line 742]
2012-05-31 22:10:38 Warning: Warning (2): mysql_connect() [<a href='http://php.net/function.mysql-connect'>function.mysql-connect</a>]: Can't connect to local MySQL server through socket '/tmp/mysql.sock' (46) in [/clients/sjm/website/admin/cake/libs/model/datasources/dbo/dbo_mysql.php, line 561]
2012-05-31 22:10:38 Warning: Warning (2): mysql_select_db() expects parameter 2 to be resource, boolean given in [/clients/sjm/website/admin/cake/libs/model/datasources/dbo/dbo_mysql.php, line 567]
2012-05-31 22:10:38 Warning: Warning (2): mysql_get_server_info() expects parameter 1 to be resource, boolean given in [/clients/sjm/website/admin/cake/libs/model/datasources/dbo/dbo_mysql.php, line 575]
2012-05-31 22:10:38 Warning: Warning (2): mysql_query() expects parameter 2 to be resource, boolean given in [/clients/sjm/website/admin/cake/libs/model/datasources/dbo/dbo_mysql.php, line 609]
2012-05-31 22:10:38 Warning: Warning (2): Cannot modify header information - headers already sent by (output started at /clients/sjm/website/admin/cake/libs/debugger.php:673) in [/clients/sjm/website/admin/cake/libs/controller/controller.php, line 742]
2012-06-02 00:53:23 Warning: Warning (2): mysql_connect() [<a href='http://php.net/function.mysql-connect'>function.mysql-connect</a>]: Can't connect to local MySQL server through socket '/tmp/mysql.sock' (46) in [/clients/sjm/website/admin/cake/libs/model/datasources/dbo/dbo_mysql.php, line 561]
2012-06-02 00:53:23 Warning: Warning (2): mysql_select_db() expects parameter 2 to be resource, boolean given in [/clients/sjm/website/admin/cake/libs/model/datasources/dbo/dbo_mysql.php, line 567]
2012-06-02 00:53:23 Warning: Warning (2): mysql_get_server_info() expects parameter 1 to be resource, boolean given in [/clients/sjm/website/admin/cake/libs/model/datasources/dbo/dbo_mysql.php, line 575]
2012-06-02 00:53:23 Warning: Warning (2): mysql_query() expects parameter 2 to be resource, boolean given in [/clients/sjm/website/admin/cake/libs/model/datasources/dbo/dbo_mysql.php, line 609]
2012-06-02 00:53:23 Warning: Warning (2): Cannot modify header information - headers already sent by (output started at /clients/sjm/website/admin/cake/libs/debugger.php:673) in [/clients/sjm/website/admin/cake/libs/controller/controller.php, line 742]
2012-06-02 00:53:24 Warning: Warning (2): mysql_connect() [<a href='http://php.net/function.mysql-connect'>function.mysql-connect</a>]: Can't connect to local MySQL server through socket '/tmp/mysql.sock' (46) in [/clients/sjm/website/admin/cake/libs/model/datasources/dbo/dbo_mysql.php, line 561]
2012-06-02 00:53:24 Warning: Warning (2): mysql_select_db() expects parameter 2 to be resource, boolean given in [/clients/sjm/website/admin/cake/libs/model/datasources/dbo/dbo_mysql.php, line 567]
2012-06-02 00:53:24 Warning: Warning (2): mysql_get_server_info() expects parameter 1 to be resource, boolean given in [/clients/sjm/website/admin/cake/libs/model/datasources/dbo/dbo_mysql.php, line 575]
2012-06-02 00:53:24 Warning: Warning (2): mysql_query() expects parameter 2 to be resource, boolean given in [/clients/sjm/website/admin/cake/libs/model/datasources/dbo/dbo_mysql.php, line 609]
2012-06-02 00:53:24 Warning: Warning (2): Cannot modify header information - headers already sent by (output started at /clients/sjm/website/admin/cake/libs/debugger.php:673) in [/clients/sjm/website/admin/cake/libs/controller/controller.php, line 742]
2012-06-02 01:02:46 Warning: Warning (2): mysql_connect() [<a href='http://php.net/function.mysql-connect'>function.mysql-connect</a>]: Can't connect to local MySQL server through socket '/tmp/mysql.sock' (46) in [/clients/sjm/website/admin/cake/libs/model/datasources/dbo/dbo_mysql.php, line 561]
2012-06-02 01:02:46 Warning: Warning (2): mysql_select_db() expects parameter 2 to be resource, boolean given in [/clients/sjm/website/admin/cake/libs/model/datasources/dbo/dbo_mysql.php, line 567]
2012-06-02 01:02:46 Warning: Warning (2): mysql_get_server_info() expects parameter 1 to be resource, boolean given in [/clients/sjm/website/admin/cake/libs/model/datasources/dbo/dbo_mysql.php, line 575]
2012-06-02 01:02:46 Warning: Warning (2): mysql_query() expects parameter 2 to be resource, boolean given in [/clients/sjm/website/admin/cake/libs/model/datasources/dbo/dbo_mysql.php, line 609]
2012-06-02 01:02:46 Warning: Warning (2): Cannot modify header information - headers already sent by (output started at /clients/sjm/website/admin/cake/libs/debugger.php:673) in [/clients/sjm/website/admin/cake/libs/controller/controller.php, line 742]
2012-06-02 01:02:54 Warning: Warning (2): mysql_connect() [<a href='http://php.net/function.mysql-connect'>function.mysql-connect</a>]: Can't connect to local MySQL server through socket '/tmp/mysql.sock' (46) in [/clients/sjm/website/admin/cake/libs/model/datasources/dbo/dbo_mysql.php, line 561]
2012-06-02 01:02:54 Warning: Warning (2): mysql_select_db() expects parameter 2 to be resource, boolean given in [/clients/sjm/website/admin/cake/libs/model/datasources/dbo/dbo_mysql.php, line 567]
2012-06-02 01:02:54 Warning: Warning (2): mysql_get_server_info() expects parameter 1 to be resource, boolean given in [/clients/sjm/website/admin/cake/libs/model/datasources/dbo/dbo_mysql.php, line 575]
2012-06-02 01:02:54 Warning: Warning (2): mysql_query() expects parameter 2 to be resource, boolean given in [/clients/sjm/website/admin/cake/libs/model/datasources/dbo/dbo_mysql.php, line 609]
2012-06-02 01:02:54 Warning: Warning (2): Cannot modify header information - headers already sent by (output started at /clients/sjm/website/admin/cake/libs/debugger.php:673) in [/clients/sjm/website/admin/cake/libs/controller/controller.php, line 742]
2012-06-02 01:06:55 Warning: Warning (2): mysql_connect() [<a href='http://php.net/function.mysql-connect'>function.mysql-connect</a>]: Can't connect to local MySQL server through socket '/tmp/mysql.sock' (46) in [/clients/sjm/website/admin/cake/libs/model/datasources/dbo/dbo_mysql.php, line 561]
2012-06-02 01:06:55 Warning: Warning (2): mysql_select_db() expects parameter 2 to be resource, boolean given in [/clients/sjm/website/admin/cake/libs/model/datasources/dbo/dbo_mysql.php, line 567]
2012-06-02 01:06:55 Warning: Warning (2): mysql_get_server_info() expects parameter 1 to be resource, boolean given in [/clients/sjm/website/admin/cake/libs/model/datasources/dbo/dbo_mysql.php, line 575]
2012-06-02 01:06:55 Warning: Warning (2): mysql_query() expects parameter 2 to be resource, boolean given in [/clients/sjm/website/admin/cake/libs/model/datasources/dbo/dbo_mysql.php, line 609]
2012-06-02 01:06:55 Warning: Warning (2): Cannot modify header information - headers already sent by (output started at /clients/sjm/website/admin/cake/libs/debugger.php:673) in [/clients/sjm/website/admin/cake/libs/controller/controller.php, line 742]
2012-06-02 01:15:03 Warning: Warning (2): mysql_connect() [<a href='http://php.net/function.mysql-connect'>function.mysql-connect</a>]: Can't connect to local MySQL server through socket '/tmp/mysql.sock' (46) in [/clients/sjm/website/admin/cake/libs/model/datasources/dbo/dbo_mysql.php, line 561]
2012-06-02 01:15:03 Warning: Warning (2): mysql_select_db() expects parameter 2 to be resource, boolean given in [/clients/sjm/website/admin/cake/libs/model/datasources/dbo/dbo_mysql.php, line 567]
2012-06-02 01:15:03 Warning: Warning (2): mysql_get_server_info() expects parameter 1 to be resource, boolean given in [/clients/sjm/website/admin/cake/libs/model/datasources/dbo/dbo_mysql.php, line 575]
2012-06-02 01:15:03 Warning: Warning (2): mysql_query() expects parameter 2 to be resource, boolean given in [/clients/sjm/website/admin/cake/libs/model/datasources/dbo/dbo_mysql.php, line 609]
2012-06-02 01:15:03 Warning: Warning (2): Cannot modify header information - headers already sent by (output started at /clients/sjm/website/admin/cake/libs/debugger.php:673) in [/clients/sjm/website/admin/cake/libs/controller/controller.php, line 742]
2012-06-02 01:15:44 Warning: Warning (2): mysql_connect() [<a href='http://php.net/function.mysql-connect'>function.mysql-connect</a>]: Can't connect to local MySQL server through socket '/tmp/mysql.sock' (46) in [/clients/sjm/website/admin/cake/libs/model/datasources/dbo/dbo_mysql.php, line 561]
2012-06-02 01:15:44 Warning: Warning (2): mysql_select_db() expects parameter 2 to be resource, boolean given in [/clients/sjm/website/admin/cake/libs/model/datasources/dbo/dbo_mysql.php, line 567]
2012-06-02 01:15:44 Warning: Warning (2): mysql_get_server_info() expects parameter 1 to be resource, boolean given in [/clients/sjm/website/admin/cake/libs/model/datasources/dbo/dbo_mysql.php, line 575]
2012-06-02 01:15:44 Warning: Warning (2): mysql_query() expects parameter 2 to be resource, boolean given in [/clients/sjm/website/admin/cake/libs/model/datasources/dbo/dbo_mysql.php, line 609]
2012-06-02 01:15:44 Warning: Warning (2): Cannot modify header information - headers already sent by (output started at /clients/sjm/website/admin/cake/libs/debugger.php:673) in [/clients/sjm/website/admin/cake/libs/controller/controller.php, line 742]
2012-06-02 01:19:54 Warning: Warning (2): mysql_connect() [<a href='http://php.net/function.mysql-connect'>function.mysql-connect</a>]: Can't connect to local MySQL server through socket '/tmp/mysql.sock' (46) in [/clients/sjm/website/admin/cake/libs/model/datasources/dbo/dbo_mysql.php, line 561]
2012-06-02 01:19:54 Warning: Warning (2): mysql_select_db() expects parameter 2 to be resource, boolean given in [/clients/sjm/website/admin/cake/libs/model/datasources/dbo/dbo_mysql.php, line 567]
2012-06-02 01:19:54 Warning: Warning (2): mysql_get_server_info() expects parameter 1 to be resource, boolean given in [/clients/sjm/website/admin/cake/libs/model/datasources/dbo/dbo_mysql.php, line 575]
2012-06-02 01:19:54 Warning: Warning (2): mysql_query() expects parameter 2 to be resource, boolean given in [/clients/sjm/website/admin/cake/libs/model/datasources/dbo/dbo_mysql.php, line 609]
2012-06-02 01:19:54 Warning: Warning (2): Cannot modify header information - headers already sent by (output started at /clients/sjm/website/admin/cake/libs/debugger.php:673) in [/clients/sjm/website/admin/cake/libs/controller/controller.php, line 742]
